<?xml version="1.0" encoding="utf-8"?><testsuites name="pytest tests"><testsuite name="pytest" errors="0" failures="0" skipped="0" tests="18" time="5.157" timestamp="2026-08-17T04:17:32.664949+00:00" hostname="agent-env-e067d1d2-e1a7-4f73-adb9-5b21a9e73dc8"><testcase classname="tests.backend_test.TestAuth" name="test_login_success_sets_cookie_and_returns_owner" time="0.454" /><testcase classname="tests.backend_test.TestAuth" name="test_login_invalid_password" time="0.479" /><testcase classname="tests.backend_test.TestOwnerAdmin" name="test_owner_requests_list" time="0.945" /><testcase classname="tests.backend_test.TestAuth" name="test_me_requires_auth" time="0.107" /><testcase classname="tests.backend_test.TestOwnerAdmin" name="test_owner_users_have_clients_used" time="0.054" /><testcase classname="tests.backend_test.TestOwnerAdmin" name="test_update_limit" time="0.420" /><testcase classname="tests.backend_test.TestAuth" name="test_logout_clears_session" time="0.571" /><testcase classname="tests.backend_test.TestOwnerAdmin" name="test_non_owner_blocked" time="0.109" /><testcase classname="tests.backend_test.TestClients" name="test_create_list_patch_delete" time="0.496" /><testcase classname="tests.backend_test.TestAuth" name="test_signup_pending_and_suspended_cannot_login" time="2.013" /><testcase classname="tests.backend_test.TestClients" name="test_random_client_id_returns_404" time="0.051" /><testcase classname="tests.backend_test.TestImports" name="test_preview_and_apply" time="0.846" /><testcase classname="tests.backend_test.TestImports" name="test_apply_skips_rows_missing_required" time="0.261" /><testcase classname="tests.backend_test.TestPortfolio" name="test_dashboard" time="0.055" /><testcase classname="tests.backend_test.TestPortfolio" name="test_reminders" time="0.111" /><testcase classname="tests.backend_test.TestObligations" name="test_seed_and_status_update" time="0.458" /><testcase classname="tests.backend_test.TestMasterData" name="test_director_crud" time="0.298" /><testcase classname="tests.backend_test.TestMasterData" name="test_auditor_and_financials_add" time="0.191" /></testsuite></testsuites>