<?xml version="1.0" encoding="utf-8"?><testsuites name="pytest tests"><testsuite name="pytest" errors="0" failures="0" skipped="0" tests="3" time="2.388" timestamp="2026-08-17T03:40:40.917968+00:00" hostname="agent-env-e067d1d2-e1a7-4f73-adb9-5b21a9e73dc8"><testcase classname="tests.test_compliance_api" name="test_clients_seed_and_obligations" time="0.449" /><testcase classname="tests.test_compliance_api" name="test_status_patch_persists" time="0.535" /><testcase classname="tests.test_compliance_api" name="test_create_client_and_upload_evidence" time="0.252" /></testsuite></testsuites>